Nov 08, 2015 2:04:53 PM com.sim.central.RoadDesign start
INFO: Starting RoadDesign
Nov 08, 2015 2:04:54 PM com.sim.central.RoadDesign installHandlers
INFO: Installing event handlers for application frame components...
Nov 08, 2015 2:04:54 PM com.sim.central.RoadDesign installHandlers
INFO: Installing event handlers for application frame components...Succeed
Nov 08, 2015 2:04:54 PM com.sim.central.RoadDesign installBuilders
INFO: Installing builders for network components...
Nov 08, 2015 2:04:54 PM com.sim.central.RoadDesign installBuilders
INFO: Installing builders for network components...Succeed
Nov 08, 2015 2:04:54 PM com.sim.network.RoadNetworkController findController
INFO: Building road network controller
Nov 08, 2015 2:04:54 PM com.sim.network.RoadNetworkController findController
INFO: Building road network controller...Succeed
Nov 08, 2015 2:04:54 PM com.sim.central.RoadDesign start
INFO: RoadDesign started
Nov 08, 2015 2:04:56 PM com.sim.central.RoadDesign getXsec
INFO: XSEC: numOfLanes = 1 laneWidth = 12.0 laneSlope = 0.0 shoulderWidth = 10.0 shoulderSlope = 2.0 medianWidth = 20.0
Nov 08, 2015 2:04:56 PM com.sim.gui.handler.MainMouseHandler mouseClicked
INFO: PT_ADD: (-3829.000, -1254.000, 0.000)
Nov 08, 2015 2:04:57 PM com.sim.central.RoadDesign getCurveParam
INFO: CURVE_PARAM: SPEED=35.000 GRADE=0.000 SUPERELEVATION=4.000 
Nov 08, 2015 2:04:57 PM com.sim.gui.handler.MainMouseHandler mouseClicked
INFO: PT_ADD: (416.000, 1141.000, 0.000)
Nov 08, 2015 2:04:58 PM com.sim.gui.handler.MainMouseHandler mouseClicked
INFO: PT_CLOSE: (976.000, 1121.000, 0.000)
Nov 08, 2015 2:05:01 PM com.sim.central.RoadDesign confirm
INFO: USER_CHOICE: YES C:\Users\Desktop\Documents\RoadVisualizer2\roaddesign is not empty!
Do you want to overwrite your existing road design?
Nov 08, 2015 2:05:01 PM com.sim.io.exporters.basic.BasicHeightMapExporter export
INFO: Height map saved successfully
Nov 08, 2015 2:05:01 PM com.sim.gui.handler.SaveHandler actionPerformed
INFO: Model saved to C:\Users\Desktop\Documents\RoadVisualizer2\roaddesign
Nov 08, 2015 2:05:04 PM com.sim.central.RoadDesign$1 run
INFO: Starting the renderer...
Nov 08, 2015 2:06:14 PM com.sim.central.RoadDesign$1 run
INFO: The renderer completes successfully
